<?xml version="1.0" encoding="UTF-8"?>
<!-- Generated by org.testng.reporters.JUnitXMLReporter -->
<testsuite hostname="DESKTOP-TVMA9FV" name="Test" tests="1" failures="1" timestamp="17 Dec 2023 12:16:33 GMT" time="218.544" errors="0">
  <testcase name="addOpportunityForm" time="0.216" classname="com.realestate.testscripts.AddOpportunityForm">
    <failure type="java.lang.Error" message="Unresolved compilation problems: 
	Implicit super constructor Page() is undefined for default constructor. Must define an explicit constructor
	Return type for the method is missing
	Duplicate method FindBy() in type LoginPage
	Syntax error, insert &amp;quot;)&amp;quot; to complete ConstructorDeclaration
	Syntax error, insert &amp;quot;;&amp;quot; to complete ConstructorDeclaration
	Return type for the method is missing
	Duplicate method FindBy() in type LoginPage
	Syntax error, insert &amp;quot;)&amp;quot; to complete ConstructorDeclaration
	Syntax error, insert &amp;quot;;&amp;quot; to complete ConstructorDeclaration
	Return type for the method is missing
	Duplicate method FindBy() in type LoginPage
	Syntax error, insert &amp;quot;)&amp;quot; to complete ConstructorDeclaration
	Syntax error, insert &amp;quot;;&amp;quot; to complete ConstructorDeclaration
">
      <![CDATA[java.lang.Error: Unresolved compilation problems: 
	Implicit super constructor Page() is undefined for default constructor. Must define an explicit constructor
	Return type for the method is missing
	Duplicate method FindBy() in type LoginPage
	Syntax error, insert ")" to complete ConstructorDeclaration
	Syntax error, insert ";" to complete ConstructorDeclaration
	Return type for the method is missing
	Duplicate method FindBy() in type LoginPage
	Syntax error, insert ")" to complete ConstructorDeclaration
	Syntax error, insert ";" to complete ConstructorDeclaration
	Return type for the method is missing
	Duplicate method FindBy() in type LoginPage
	Syntax error, insert ")" to complete ConstructorDeclaration
	Syntax error, insert ";" to complete ConstructorDeclaration

	at salesforcePages.LoginPage.<init>(LoginPage.java:23)
	at com.realestate.testscripts.AddOpportunityForm.addOpportunityForm(AddOpportunityForm.java:32)
... Removed 24 stack frames]]>
    </failure>
  </testcase> <!-- addOpportunityForm -->
</testsuite> <!-- Test -->
